<?xml version="1.0" encoding="UTF-8"?>
<testng-results skipped="0" failed="0" total="1" passed="1">
  <reporter-output>
  </reporter-output>
  <suite name="Default suite" duration-ms="4107" started-at="2016-07-29T15:33:49Z" finished-at="2016-07-29T15:33:53Z">
    <groups>
    </groups>
    <test name="Default test" duration-ms="4107" started-at="2016-07-29T15:33:49Z" finished-at="2016-07-29T15:33:53Z">
      <class name="com.newtours.testcases.newToursCommonPF">
        <test-method status="PASS" signature="login()[pri:0, instance:com.newtours.testcases.newToursCommonPF@7ca48474]" name="login" duration-ms="4091" started-at="2016-07-29T11:33:49Z" finished-at="2016-07-29T11:33:53Z">
          <reporter-output>
          </reporter-output>
        </test-method> <!-- login -->
      </class> <!-- com.newtours.testcases.newToursCommonPF -->
    </test> <!-- Default test -->
  </suite> <!-- Default suite -->
</testng-results>
